<?xml version="1.0" encoding="UTF-8"?>
<testsuite name="hello.TestGreeter" tests="2" skipped="0" failures="0" errors="0" timestamp="2020-03-04T03:17:33" hostname="DESKTOP-5SKI90B" time="0.027">
  <properties/>
  <testcase name="testGreeter()" classname="hello.TestGreeter" time="0.019"/>
  <testcase name="testGreeterEmpty()" classname="hello.TestGreeter" time="0.001"/>
  <system-out><![CDATA[]]></system-out>
  <system-err><![CDATA[]]></system-err>
</testsuite>
